<?xml version="1.0" encoding="UTF-8"?>
<!-- Generated by org.testng.reporters.JUnitXMLReporter -->
<testsuite ignored="1" hostname="Gayathri_27" failures="0" tests="2" name="Default test" time="0.052" errors="0" timestamp="2024-03-20T12:06:08 IST">
  <testcase classname="FrameWork.TestNGEx" name="createContact" time="0.012"/>
  <testcase classname="FrameWork.TestNGEx" name="editContact" time="0.003"/>
  <testcase classname="FrameWork.TestNGEx" name="deleteContact" time="0.0">
    <ignored/>
  </testcase> <!-- deleteContact -->
</testsuite> <!-- Default test -->
