<?xml version="1.0" encoding="UTF-8"?>
<!-- Generated by org.testng.reporters.JUnitXMLReporter -->
<testsuite ignored="0" hostname="Gayathri_27" failures="0" tests="3" name="Test" time="27.367" errors="0" timestamp="2024-02-20T20:19:59 IST">
  <testcase classname="advanceScenarios.AutoSuggestionFlipkaart" name="AutoSuggestionFlipkaart" time="15.053"/>
  <testcase classname="advanceScenarios.FacebookKeyEx" name="FacebookKeyEx" time="5.688"/>
  <testcase classname="PopUp.goibibo" name="goibibo" time="6.542"/>
</testsuite> <!-- Test -->
