<?xml version="1.0" encoding="UTF-8"?>
<testng-results ignored="0" total="2" passed="2" failed="0" skipped="0">
  <reporter-output>
  </reporter-output>
  <suite started-at="2024-03-20T12:06:08 IST" name="Default suite" finished-at="2024-03-20T12:06:08 IST" duration-ms="52">
    <groups>
    </groups>
    <test started-at="2024-03-20T12:06:08 IST" name="Default test" finished-at="2024-03-20T12:06:08 IST" duration-ms="52">
      <class name="FrameWork.TestNGEx">
        <test-method signature="createContact()[pri:0, instance:FrameWork.TestNGEx@4c402120]" started-at="2024-03-20T12:06:08 IST" name="createContact" finished-at="2024-03-20T12:06:08 IST" duration-ms="12" status="PASS">
          <reporter-output>
          </reporter-output>
        </test-method> <!-- createContact -->
        <test-method signature="editContact()[pri:0, instance:FrameWork.TestNGEx@4c402120]" started-at="2024-03-20T12:06:08 IST" name="editContact" finished-at="2024-03-20T12:06:08 IST" depends-on-methods="FrameWork.TestNGEx.createContact" duration-ms="3" status="PASS">
          <reporter-output>
          </reporter-output>
        </test-method> <!-- editContact -->
      </class> <!-- FrameWork.TestNGEx -->
    </test> <!-- Default test -->
  </suite> <!-- Default suite -->
</testng-results>
